<?xml version="1.0" encoding="UTF-8"?>
<testng-results skipped="0" failed="1" ignored="0" total="1" passed="0">
  <reporter-output>
  </reporter-output>
  <suite name="Default suite" duration-ms="21313" started-at="2017-07-10T03:13:45Z" finished-at="2017-07-10T03:14:06Z">
    <groups>
    </groups>
    <test name="Default test" duration-ms="21313" started-at="2017-07-10T03:13:45Z" finished-at="2017-07-10T03:14:06Z">
      <class name="makemytrip.ScenarioExecutor">
        <test-method status="PASS" signature="Setup()[pri:0, instance:makemytrip.ScenarioExecutor@4f970963]" name="Setup" is-config="true" duration-ms="20730" started-at="2017-07-10T08:43:45Z" finished-at="2017-07-10T08:44:06Z">
          <reporter-output>
          </reporter-output>
        </test-method> <!-- Setup -->
        <test-method status="FAIL" signature="SearchHotel()[pri:0, instance:makemytrip.ScenarioExecutor@4f970963]" name="SearchHotel" duration-ms="11" started-at="2017-07-10T08:44:06Z" finished-at="2017-07-10T08:44:06Z">
          <exception class="java.lang.NullPointerException">
            <full-stacktrace>
              <![CDATA[java.lang.NullPointerException
	at com.google.common.base.Preconditions.checkNotNull(Preconditions.java:770)
	at org.openqa.selenium.support.ui.FluentWait.<init>(FluentWait.java:96)
	at org.openqa.selenium.support.ui.WebDriverWait.<init>(WebDriverWait.java:71)
	at org.openqa.selenium.support.ui.WebDriverWait.<init>(WebDriverWait.java:45)
	at genericclasses.Utilities.FindElementAndWait(Utilities.java:30)
	at pages.HomePage.clickOnHotelsButton(HomePage.java:22)
	at makemytrip.ScenarioExecutor.SearchHotel(ScenarioExecutor.java:74)
	at sun.reflect.NativeMethodAccessorImpl.invoke0(Native Method)
	at sun.reflect.NativeMethodAccessorImpl.invoke(NativeMethodAccessorImpl.java:62)
	at sun.reflect.DelegatingMethodAccessorImpl.invoke(DelegatingMethodAccessorImpl.java:43)
	at java.lang.reflect.Method.invoke(Method.java:497)
	at org.testng.internal.MethodInvocationHelper.invokeMethod(MethodInvocationHelper.java:108)
	at org.testng.internal.Invoker.invokeMethod(Invoker.java:661)
	at org.testng.internal.Invoker.invokeTestMethod(Invoker.java:869)
	at org.testng.internal.Invoker.invokeTestMethods(Invoker.java:1193)
	at org.testng.internal.TestMethodWorker.invokeTestMethods(TestMethodWorker.java:126)
	at org.testng.internal.TestMethodWorker.run(TestMethodWorker.java:109)
	at org.testng.TestRunner.privateRun(TestRunner.java:744)
	at org.testng.TestRunner.run(TestRunner.java:602)
	at org.testng.SuiteRunner.runTest(SuiteRunner.java:380)
	at org.testng.SuiteRunner.runSequentially(SuiteRunner.java:375)
	at org.testng.SuiteRunner.privateRun(SuiteRunner.java:340)
	at org.testng.SuiteRunner.run(SuiteRunner.java:289)
	at org.testng.SuiteRunnerWorker.runSuite(SuiteRunnerWorker.java:52)
	at org.testng.SuiteRunnerWorker.run(SuiteRunnerWorker.java:86)
	at org.testng.TestNG.runSuitesSequentially(TestNG.java:1301)
	at org.testng.TestNG.runSuitesLocally(TestNG.java:1226)
	at org.testng.TestNG.runSuites(TestNG.java:1144)
	at org.testng.TestNG.run(TestNG.java:1115)
	at org.testng.remote.AbstractRemoteTestNG.run(AbstractRemoteTestNG.java:132)
	at org.testng.remote.RemoteTestNG.initAndRun(RemoteTestNG.java:230)
	at org.testng.remote.RemoteTestNG.main(RemoteTestNG.java:76)
]]>
            </full-stacktrace>
          </exception> <!-- java.lang.NullPointerException -->
          <reporter-output>
          </reporter-output>
        </test-method> <!-- SearchHotel -->
        <test-method status="PASS" signature="endTest()[pri:0, instance:makemytrip.ScenarioExecutor@4f970963]" name="endTest" is-config="true" duration-ms="513" started-at="2017-07-10T08:44:06Z" finished-at="2017-07-10T08:44:06Z">
          <reporter-output>
          </reporter-output>
        </test-method> <!-- endTest -->
      </class> <!-- makemytrip.ScenarioExecutor -->
    </test> <!-- Default test -->
  </suite> <!-- Default suite -->
</testng-results>
